<?xml version="1.0" encoding="UTF-8"?>
<!-- Generated by org.testng.reporters.JUnitXMLReporter -->
<testsuite hostname="Macbooks-MacBook-Pro.local" ignored="2" name="Test" tests="1" failures="1" timestamp="2020-12-15T19:11:50 GMT" time="77.644" errors="0">
  <testcase name="authApp_e2e_iPhoneTest" time="77.521" classname="com.aib.authapp.e2e_authapp_testfw.AuthApp_e2eTest">
    <failure type="org.openqa.selenium.NoSuchElementException" message="An element could not be located on the page using the given search parameters.
For documentation on this error, please visit: https://www.seleniumhq.org/exceptions/no_such_element.html
Build info: version: &amp;apos;3.141.59&amp;apos;, revision: &amp;apos;e82be7d358&amp;apos;, time: &amp;apos;2018-11-14T08:17:03&amp;apos;
System info: host: &amp;apos;Macbooks-MacBook-Pro.local&amp;apos;, ip: &amp;apos;fdaa:bbcc:ddee:0:78e2:b311:9545:4bc5&amp;apos;, os.name: &amp;apos;Mac OS X&amp;apos;, os.arch: &amp;apos;x86_64&amp;apos;, os.version: &amp;apos;10.15.7&amp;apos;, java.version: &amp;apos;1.8.0_131&amp;apos;
Driver info: io.appium.java_client.ios.IOSDriver
Capabilities {app: /Users/macbookpro/Documents..., automationName: XCUITest, browserName: , databaseEnabled: false, deviceName: iPhone 8, javascriptEnabled: true, locationContextEnabled: false, networkConnectionEnabled: false, platform: MAC, platformName: IOS, platformVersion: 13.6, takesScreenshot: true, udid: 89A5DCB2-1586-4B4D-A32A-0FE..., webStorageEnabled: false}
Session ID: 755d5dfe-e390-465d-b45d-99bf7bf4766a
*** Element info: {Using=-ios class chain, value=**/XCUIElementTypeButton[`label == &amp;quot;Continue&amp;quot;`]}">
      <![CDATA[org.openqa.selenium.NoSuchElementException: An element could not be located on the page using the given search parameters.
For documentation on this error, please visit: https://www.seleniumhq.org/exceptions/no_such_element.html
Build info: version: '3.141.59', revision: 'e82be7d358', time: '2018-11-14T08:17:03'
System info: host: 'Macbooks-MacBook-Pro.local', ip: 'fdaa:bbcc:ddee:0:78e2:b311:9545:4bc5', os.name: 'Mac OS X', os.arch: 'x86_64', os.version: '10.15.7', java.version: '1.8.0_131'
Driver info: io.appium.java_client.ios.IOSDriver
Capabilities {app: /Users/macbookpro/Documents..., automationName: XCUITest, browserName: , databaseEnabled: false, deviceName: iPhone 8, javascriptEnabled: true, locationContextEnabled: false, networkConnectionEnabled: false, platform: MAC, platformName: IOS, platformVersion: 13.6, takesScreenshot: true, udid: 89A5DCB2-1586-4B4D-A32A-0FE..., webStorageEnabled: false}
Session ID: 755d5dfe-e390-465d-b45d-99bf7bf4766a
*** Element info: {Using=-ios class chain, value=**/XCUIElementTypeButton[`label == "Continue"`]}
at org.openqa.selenium.remote.http.W3CHttpResponseCodec.createException(W3CHttpResponseCodec.java:187)
at org.openqa.selenium.remote.http.W3CHttpResponseCodec.decode(W3CHttpResponseCodec.java:122)
at org.openqa.selenium.remote.http.W3CHttpResponseCodec.decode(W3CHttpResponseCodec.java:49)
at org.openqa.selenium.remote.HttpCommandExecutor.execute(HttpCommandExecutor.java:158)
at io.appium.java_client.remote.AppiumCommandExecutor.execute(AppiumCommandExecutor.java:239)
at org.openqa.selenium.remote.RemoteWebDriver.execute(RemoteWebDriver.java:552)
at io.appium.java_client.DefaultGenericMobileDriver.execute(DefaultGenericMobileDriver.java:41)
at io.appium.java_client.AppiumDriver.execute(AppiumDriver.java:1)
at io.appium.java_client.ios.IOSDriver.execute(IOSDriver.java:1)
at org.openqa.selenium.remote.RemoteWebDriver.findElement(RemoteWebDriver.java:323)
at io.appium.java_client.DefaultGenericMobileDriver.findElement(DefaultGenericMobileDriver.java:61)
at io.appium.java_client.AppiumDriver.findElement(AppiumDriver.java:1)
at io.appium.java_client.ios.IOSDriver.findElement(IOSDriver.java:1)
at io.appium.java_client.FindsByIosClassChain.findElementByIosClassChain(FindsByIosClassChain.java:26)
at com.aib.authapp.e2e_authapp_testfw.AuthApp_e2eTest.iosPopup_LoginPingFed(AuthApp_e2eTest.java:416)
at com.aib.authapp.e2e_authapp_testfw.AuthApp_e2eTest.authApp_e2e_iPhoneTest(AuthApp_e2eTest.java:66)
at java.util.ArrayList.forEach(ArrayList.java:1249)
... Removed 31 stack frames]]>
    </failure>
  </testcase> <!-- authApp_e2e_iPhoneTest -->
  <testcase name="authApp_e2e_iPhoneLoginTest" time="0.0" classname="com.aib.authapp.e2e_authapp_testfw.AuthApp_e2eTest">
    <ignored/>
  </testcase> <!-- authApp_e2e_iPhoneLoginTest -->
  <testcase name="authApp_e2e_androidTest" time="0.0" classname="com.aib.authapp.e2e_authapp_testfw.AuthApp_e2eTest">
    <ignored/>
  </testcase> <!-- authApp_e2e_androidTest -->
</testsuite> <!-- Test -->
